<?xml version="1.0" encoding="UTF-8"?>
<testsuite xmlns:xsi="http://www.w3.org/2001/XMLSchema-instance" xsi:noNamespaceSchemaLocation="https://maven.apache.org/surefire/maven-surefire-plugin/xsd/surefire-test-report.xsd" name="demo.cats.CatsRunner" time="6.517" tests="2" errors="1" skipped="0" failures="0">
  <properties>
    <property name="gopherProxySet" value="false"/>
    <property name="awt.toolkit" value="sun.lwawt.macosx.LWCToolkit"/>
    <property name="file.encoding.pkg" value="sun.io"/>
    <property name="java.specification.version" value="1.8"/>
    <property name="sun.cpu.isalist" value=""/>
    <property name="sun.jnu.encoding" value="UTF-8"/>
    <property name="java.class.path" value="/Users/smsf/exps/karate_exp/x1/karate/karate-demo/target/test-classes:/Users/smsf/exps/karate_exp/x1/karate/karate-demo/target/classes:/Users/smsf/.m2/repository/org/springframework/boot/spring-boot-starter-websocket/2.3.4.RELEASE/spring-boot-starter-websocket-2.3.4.RELEASE.jar:/Users/smsf/.m2/repository/org/springframework/boot/spring-boot-starter-web/2.3.4.RELEASE/spring-boot-starter-web-2.3.4.RELEASE.jar:/Users/smsf/.m2/repository/org/springframework/boot/spring-boot-starter-json/2.3.4.RELEASE/spring-boot-starter-json-2.3.4.RELEASE.jar:/Users/smsf/.m2/repository/com/fasterxml/jackson/datatype/jackson-datatype-jdk8/2.11.2/jackson-datatype-jdk8-2.11.2.jar:/Users/smsf/.m2/repository/com/fasterxml/jackson/module/jackson-module-parameter-names/2.11.2/jackson-module-parameter-names-2.11.2.jar:/Users/smsf/.m2/repository/org/springframework/boot/spring-boot-starter-tomcat/2.3.4.RELEASE/spring-boot-starter-tomcat-2.3.4.RELEASE.jar:/Users/smsf/.m2/repository/org/apache/tomcat/embed/tomcat-embed-core/9.0.38/tomcat-embed-core-9.0.38.jar:/Users/smsf/.m2/repository/org/glassfish/jakarta.el/3.0.3/jakarta.el-3.0.3.jar:/Users/smsf/.m2/repository/org/apache/tomcat/embed/tomcat-embed-websocket/9.0.38/tomcat-embed-websocket-9.0.38.jar:/Users/smsf/.m2/repository/org/springframework/spring-web/5.2.9.RELEASE/spring-web-5.2.9.RELEASE.jar:/Users/smsf/.m2/repository/org/springframework/spring-webmvc/5.2.9.RELEASE/spring-webmvc-5.2.9.RELEASE.jar:/Users/smsf/.m2/repository/org/springframework/spring-messaging/5.2.9.RELEASE/spring-messaging-5.2.9.RELEASE.jar:/Users/smsf/.m2/repository/org/springframework/spring-websocket/5.2.9.RELEASE/spring-websocket-5.2.9.RELEASE.jar:/Users/smsf/.m2/repository/org/springframework/spring-context/5.2.9.RELEASE/spring-context-5.2.9.RELEASE.jar:/Users/smsf/.m2/repository/org/springframework/boot/spring-boot-starter-security/2.3.4.RELEASE/spring-boot-starter-security-2.3.4.RELEASE.jar:/Users/smsf/.m2/repository/org/springframework/boot/spring-boot-starter/2.3.4.RELEASE/spring-boot-starter-2.3.4.RELEASE.jar:/Users/smsf/.m2/repository/org/springframework/boot/spring-boot/2.3.4.RELEASE/spring-boot-2.3.4.RELEASE.jar:/Users/smsf/.m2/repository/org/springframework/boot/spring-boot-autoconfigure/2.3.4.RELEASE/spring-boot-autoconfigure-2.3.4.RELEASE.jar:/Users/smsf/.m2/repository/jakarta/annotation/jakarta.annotation-api/1.3.5/jakarta.annotation-api-1.3.5.jar:/Users/smsf/.m2/repository/org/yaml/snakeyaml/1.26/snakeyaml-1.26.jar:/Users/smsf/.m2/repository/org/springframework/spring-aop/5.2.9.RELEASE/spring-aop-5.2.9.RELEASE.jar:/Users/smsf/.m2/repository/org/springframework/security/spring-security-config/5.3.4.RELEASE/spring-security-config-5.3.4.RELEASE.jar:/Users/smsf/.m2/repository/org/springframework/security/spring-security-core/5.3.4.RELEASE/spring-security-core-5.3.4.RELEASE.jar:/Users/smsf/.m2/repository/org/springframework/security/spring-security-web/5.3.4.RELEASE/spring-security-web-5.3.4.RELEASE.jar:/Users/smsf/.m2/repository/org/springframework/spring-expression/5.2.9.RELEASE/spring-expression-5.2.9.RELEASE.jar:/Users/smsf/.m2/repository/org/springframework/spring-jdbc/5.2.9.RELEASE/spring-jdbc-5.2.9.RELEASE.jar:/Users/smsf/.m2/repository/org/springframework/spring-beans/5.2.9.RELEASE/spring-beans-5.2.9.RELEASE.jar:/Users/smsf/.m2/repository/org/springframework/spring-core/5.2.9.RELEASE/spring-core-5.2.9.RELEASE.jar:/Users/smsf/.m2/repository/org/springframework/spring-jcl/5.2.9.RELEASE/spring-jcl-5.2.9.RELEASE.jar:/Users/smsf/.m2/repository/org/springframework/spring-tx/5.2.9.RELEASE/spring-tx-5.2.9.RELEASE.jar:/Users/smsf/.m2/repository/org/springframework/boot/spring-boot-starter-logging/2.3.4.RELEASE/spring-boot-starter-logging-2.3.4.RELEASE.jar:/Users/smsf/.m2/repository/ch/qos/logback/logback-classic/1.2.3/logback-classic-1.2.3.jar:/Users/smsf/.m2/repository/ch/qos/logback/logback-core/1.2.3/logback-core-1.2.3.jar:/Users/smsf/.m2/repository/org/apache/logging/log4j/log4j-to-slf4j/2.13.3/log4j-to-slf4j-2.13.3.jar:/Users/smsf/.m2/repository/org/apache/logging/log4j/log4j-api/2.13.3/log4j-api-2.13.3.jar:/Users/smsf/.m2/repository/org/slf4j/jul-to-slf4j/1.7.30/jul-to-slf4j-1.7.30.jar:/Users/smsf/.m2/repository/com/h2database/h2/2.0.206/h2-2.0.206.jar:/Users/smsf/.m2/repository/commons-io/commons-io/2.7/commons-io-2.7.jar:/Users/smsf/.m2/repository/commons-codec/commons-codec/1.14/commons-codec-1.14.jar:/Users/smsf/.m2/repository/com/github/java-json-tools/json-schema-validator/2.2.8/json-schema-validator-2.2.8.jar:/Users/smsf/.m2/repository/com/github/java-json-tools/json-schema-core/1.2.8/json-schema-core-1.2.8.jar:/Users/smsf/.m2/repository/org/mozilla/rhino/1.7R4/rhino-1.7R4.jar:/Users/smsf/.m2/repository/com/github/fge/jackson-coreutils/1.8/jackson-coreutils-1.8.jar:/Users/smsf/.m2/repository/com/github/fge/msg-simple/1.1/msg-simple-1.1.jar:/Users/smsf/.m2/repository/com/github/fge/btf/1.2/btf-1.2.jar:/Users/smsf/.m2/repository/com/github/fge/uri-template/0.9/uri-template-0.9.jar:/Users/smsf/.m2/repository/javax/mail/mailapi/1.4.3/mailapi-1.4.3.jar:/Users/smsf/.m2/repository/javax/activation/activation/1.1/activation-1.1.jar:/Users/smsf/.m2/repository/joda-time/joda-time/2.9.7/joda-time-2.9.7.jar:/Users/smsf/.m2/repository/com/googlecode/libphonenumber/libphonenumber/8.0.0/libphonenumber-8.0.0.jar:/Users/smsf/.m2/repository/com/google/code/findbugs/jsr305/3.0.1/jsr305-3.0.1.jar:/Users/smsf/.m2/repository/net/sf/jopt-simple/jopt-simple/5.0.3/jopt-simple-5.0.3.jar:/Users/smsf/.m2/repository/com/intuit/karate/karate-junit4/1.1.0/karate-junit4-1.1.0.jar:/Users/smsf/.m2/repository/com/intuit/karate/karate-core/1.1.0/karate-core-1.1.0.jar:/Users/smsf/.m2/repository/org/graalvm/js/js-scriptengine/21.2.0/js-scriptengine-21.2.0.jar:/Users/smsf/.m2/repository/org/graalvm/sdk/graal-sdk/21.2.0/graal-sdk-21.2.0.jar:/Users/smsf/.m2/repository/org/graalvm/js/js/21.2.0/js-21.2.0.jar:/Users/smsf/.m2/repository/org/graalvm/regex/regex/21.2.0/regex-21.2.0.jar:/Users/smsf/.m2/repository/org/graalvm/truffle/truffle-api/21.2.0/truffle-api-21.2.0.jar:/Users/smsf/.m2/repository/com/ibm/icu/icu4j/69.1/icu4j-69.1.jar:/Users/smsf/.m2/repository/org/slf4j/jcl-over-slf4j/1.7.30/jcl-over-slf4j-1.7.30.jar:/Users/smsf/.m2/repository/com/jayway/jsonpath/json-path/2.4.0/json-path-2.4.0.jar:/Users/smsf/.m2/repository/net/minidev/json-smart/2.3/json-smart-2.3.jar:/Users/smsf/.m2/repository/net/minidev/accessors-smart/1.2/accessors-smart-1.2.jar:/Users/smsf/.m2/repository/org/ow2/asm/asm/5.0.4/asm-5.0.4.jar:/Users/smsf/.m2/repository/info/cukes/cucumber-java/1.2.5/cucumber-java-1.2.5.jar:/Users/smsf/.m2/repository/info/cukes/cucumber-core/1.2.5/cucumber-core-1.2.5.jar:/Users/smsf/.m2/repository/de/siegmar/fastcsv/2.0.0/fastcsv-2.0.0.jar:/Users/smsf/.m2/repository/info/picocli/picocli/4.6.1/picocli-4.6.1.jar:/Users/smsf/.m2/repository/junit/junit/4.13/junit-4.13.jar:/Users/smsf/.m2/repository/org/hamcrest/hamcrest-core/2.2/hamcrest-core-2.2.jar:/Users/smsf/.m2/repository/org/hamcrest/hamcrest/2.2/hamcrest-2.2.jar:/Users/smsf/.m2/repository/net/masterthought/cucumber-reporting/5.3.1/cucumber-reporting-5.3.1.jar:/Users/smsf/.m2/repository/com/fasterxml/jackson/core/jackson-databind/2.11.2/jackson-databind-2.11.2.jar:/Users/smsf/.m2/repository/com/fasterxml/jackson/core/jackson-annotations/2.11.2/jackson-annotations-2.11.2.jar:/Users/smsf/.m2/repository/com/fasterxml/jackson/core/jackson-core/2.11.2/jackson-core-2.11.2.jar:/Users/smsf/.m2/repository/com/fasterxml/jackson/datatype/jackson-datatype-jsr310/2.11.2/jackson-datatype-jsr310-2.11.2.jar:/Users/smsf/.m2/repository/org/apache/velocity/velocity-engine-core/2.1/velocity-engine-core-2.1.jar:/Users/smsf/.m2/repository/commons-collections/commons-collections/3.2.2/commons-collections-3.2.2.jar:/Users/smsf/.m2/repository/org/apache/commons/commons-lang3/3.10/commons-lang3-3.10.jar:/Users/smsf/.m2/repository/org/codehaus/plexus/plexus-utils/3.3.0/plexus-utils-3.3.0.jar:/Users/smsf/.m2/repository/org/jsoup/jsoup/1.12.1/jsoup-1.12.1.jar:/Users/smsf/.m2/repository/com/googlecode/owasp-java-html-sanitizer/owasp-java-html-sanitizer/20191001.1/owasp-java-html-sanitizer-20191001.1.jar:/Users/smsf/.m2/repository/commons-configuration/commons-configuration/1.10/commons-configuration-1.10.jar:/Users/smsf/.m2/repository/commons-lang/commons-lang/2.6/commons-lang-2.6.jar:/Users/smsf/.m2/repository/commons-logging/commons-logging/1.1.1/commons-logging-1.1.1.jar:/Users/smsf/.m2/repository/org/apache/activemq/activemq-broker/5.15.6/activemq-broker-5.15.6.jar:/Users/smsf/.m2/repository/org/apache/activemq/activemq-openwire-legacy/5.15.13/activemq-openwire-legacy-5.15.13.jar:/Users/smsf/.m2/repository/com/google/guava/guava/18.0/guava-18.0.jar:/Users/smsf/.m2/repository/org/apache/activemq/activemq-client/5.15.6/activemq-client-5.15.6.jar:/Users/smsf/.m2/repository/org/slf4j/slf4j-api/1.7.30/slf4j-api-1.7.30.jar:/Users/smsf/.m2/repository/org/fusesource/hawtbuf/hawtbuf/1.11/hawtbuf-1.11.jar:/Users/smsf/.m2/repository/org/apache/geronimo/specs/geronimo-j2ee-management_1.1_spec/1.0.1/geronimo-j2ee-management_1.1_spec-1.0.1.jar:/Users/smsf/.m2/repository/org/apache/activemq/activemq-kahadb-store/5.15.6/activemq-kahadb-store-5.15.6.jar:/Users/smsf/.m2/repository/org/apache/activemq/protobuf/activemq-protobuf/1.1/activemq-protobuf-1.1.jar:/Users/smsf/.m2/repository/commons-net/commons-net/3.6/commons-net-3.6.jar:/Users/smsf/.m2/repository/org/apache/geronimo/specs/geronimo-jms_1.1_spec/1.1.1/geronimo-jms_1.1_spec-1.1.1.jar:"/>
    <property name="java.vm.vendor" value="Oracle Corporation"/>
    <property name="sun.arch.data.model" value="64"/>
    <property name="java.vendor.url" value="http://java.oracle.com/"/>
    <property name="user.timezone" value=""/>
    <property name="user.country.format" value="PT"/>
    <property name="java.vm.specification.version" value="1.8"/>
    <property name="os.name" value="Mac OS X"/>
    <property name="user.country" value="GB"/>
    <property name="sun.java.launcher" value="SUN_STANDARD"/>
    <property name="sun.boot.library.path" value="/Library/Java/JavaVirtualMachines/jdk1.8.0_121.jdk/Contents/Home/jre/lib"/>
    <property name="sun.java.command" value="/Users/smsf/exps/karate_exp/x1/karate/karate-demo/target/surefire/surefirebooter7595185525375877941.jar /Users/smsf/exps/karate_exp/x1/karate/karate-demo/target/surefire 2022-01-18T16-38-24_777-jvmRun1 surefire5869472254266199328tmp surefire_01604800047936886584tmp"/>
    <property name="http.nonProxyHosts" value="local|*.local|169.254/16|*.169.254/16"/>
    <property name="test" value="CatsRunner"/>
    <property name="surefire.test.class.path" value="/Users/smsf/exps/karate_exp/x1/karate/karate-demo/target/test-classes:/Users/smsf/exps/karate_exp/x1/karate/karate-demo/target/classes:/Users/smsf/.m2/repository/org/springframework/boot/spring-boot-starter-websocket/2.3.4.RELEASE/spring-boot-starter-websocket-2.3.4.RELEASE.jar:/Users/smsf/.m2/repository/org/springframework/boot/spring-boot-starter-web/2.3.4.RELEASE/spring-boot-starter-web-2.3.4.RELEASE.jar:/Users/smsf/.m2/repository/org/springframework/boot/spring-boot-starter-json/2.3.4.RELEASE/spring-boot-starter-json-2.3.4.RELEASE.jar:/Users/smsf/.m2/repository/com/fasterxml/jackson/datatype/jackson-datatype-jdk8/2.11.2/jackson-datatype-jdk8-2.11.2.jar:/Users/smsf/.m2/repository/com/fasterxml/jackson/module/jackson-module-parameter-names/2.11.2/jackson-module-parameter-names-2.11.2.jar:/Users/smsf/.m2/repository/org/springframework/boot/spring-boot-starter-tomcat/2.3.4.RELEASE/spring-boot-starter-tomcat-2.3.4.RELEASE.jar:/Users/smsf/.m2/repository/org/apache/tomcat/embed/tomcat-embed-core/9.0.38/tomcat-embed-core-9.0.38.jar:/Users/smsf/.m2/repository/org/glassfish/jakarta.el/3.0.3/jakarta.el-3.0.3.jar:/Users/smsf/.m2/repository/org/apache/tomcat/embed/tomcat-embed-websocket/9.0.38/tomcat-embed-websocket-9.0.38.jar:/Users/smsf/.m2/repository/org/springframework/spring-web/5.2.9.RELEASE/spring-web-5.2.9.RELEASE.jar:/Users/smsf/.m2/repository/org/springframework/spring-webmvc/5.2.9.RELEASE/spring-webmvc-5.2.9.RELEASE.jar:/Users/smsf/.m2/repository/org/springframework/spring-messaging/5.2.9.RELEASE/spring-messaging-5.2.9.RELEASE.jar:/Users/smsf/.m2/repository/org/springframework/spring-websocket/5.2.9.RELEASE/spring-websocket-5.2.9.RELEASE.jar:/Users/smsf/.m2/repository/org/springframework/spring-context/5.2.9.RELEASE/spring-context-5.2.9.RELEASE.jar:/Users/smsf/.m2/repository/org/springframework/boot/spring-boot-starter-security/2.3.4.RELEASE/spring-boot-starter-security-2.3.4.RELEASE.jar:/Users/smsf/.m2/repository/org/springframework/boot/spring-boot-starter/2.3.4.RELEASE/spring-boot-starter-2.3.4.RELEASE.jar:/Users/smsf/.m2/repository/org/springframework/boot/spring-boot/2.3.4.RELEASE/spring-boot-2.3.4.RELEASE.jar:/Users/smsf/.m2/repository/org/springframework/boot/spring-boot-autoconfigure/2.3.4.RELEASE/spring-boot-autoconfigure-2.3.4.RELEASE.jar:/Users/smsf/.m2/repository/jakarta/annotation/jakarta.annotation-api/1.3.5/jakarta.annotation-api-1.3.5.jar:/Users/smsf/.m2/repository/org/yaml/snakeyaml/1.26/snakeyaml-1.26.jar:/Users/smsf/.m2/repository/org/springframework/spring-aop/5.2.9.RELEASE/spring-aop-5.2.9.RELEASE.jar:/Users/smsf/.m2/repository/org/springframework/security/spring-security-config/5.3.4.RELEASE/spring-security-config-5.3.4.RELEASE.jar:/Users/smsf/.m2/repository/org/springframework/security/spring-security-core/5.3.4.RELEASE/spring-security-core-5.3.4.RELEASE.jar:/Users/smsf/.m2/repository/org/springframework/security/spring-security-web/5.3.4.RELEASE/spring-security-web-5.3.4.RELEASE.jar:/Users/smsf/.m2/repository/org/springframework/spring-expression/5.2.9.RELEASE/spring-expression-5.2.9.RELEASE.jar:/Users/smsf/.m2/repository/org/springframework/spring-jdbc/5.2.9.RELEASE/spring-jdbc-5.2.9.RELEASE.jar:/Users/smsf/.m2/repository/org/springframework/spring-beans/5.2.9.RELEASE/spring-beans-5.2.9.RELEASE.jar:/Users/smsf/.m2/repository/org/springframework/spring-core/5.2.9.RELEASE/spring-core-5.2.9.RELEASE.jar:/Users/smsf/.m2/repository/org/springframework/spring-jcl/5.2.9.RELEASE/spring-jcl-5.2.9.RELEASE.jar:/Users/smsf/.m2/repository/org/springframework/spring-tx/5.2.9.RELEASE/spring-tx-5.2.9.RELEASE.jar:/Users/smsf/.m2/repository/org/springframework/boot/spring-boot-starter-logging/2.3.4.RELEASE/spring-boot-starter-logging-2.3.4.RELEASE.jar:/Users/smsf/.m2/repository/ch/qos/logback/logback-classic/1.2.3/logback-classic-1.2.3.jar:/Users/smsf/.m2/repository/ch/qos/logback/logback-core/1.2.3/logback-core-1.2.3.jar:/Users/smsf/.m2/repository/org/apache/logging/log4j/log4j-to-slf4j/2.13.3/log4j-to-slf4j-2.13.3.jar:/Users/smsf/.m2/repository/org/apache/logging/log4j/log4j-api/2.13.3/log4j-api-2.13.3.jar:/Users/smsf/.m2/repository/org/slf4j/jul-to-slf4j/1.7.30/jul-to-slf4j-1.7.30.jar:/Users/smsf/.m2/repository/com/h2database/h2/2.0.206/h2-2.0.206.jar:/Users/smsf/.m2/repository/commons-io/commons-io/2.7/commons-io-2.7.jar:/Users/smsf/.m2/repository/commons-codec/commons-codec/1.14/commons-codec-1.14.jar:/Users/smsf/.m2/repository/com/github/java-json-tools/json-schema-validator/2.2.8/json-schema-validator-2.2.8.jar:/Users/smsf/.m2/repository/com/github/java-json-tools/json-schema-core/1.2.8/json-schema-core-1.2.8.jar:/Users/smsf/.m2/repository/org/mozilla/rhino/1.7R4/rhino-1.7R4.jar:/Users/smsf/.m2/repository/com/github/fge/jackson-coreutils/1.8/jackson-coreutils-1.8.jar:/Users/smsf/.m2/repository/com/github/fge/msg-simple/1.1/msg-simple-1.1.jar:/Users/smsf/.m2/repository/com/github/fge/btf/1.2/btf-1.2.jar:/Users/smsf/.m2/repository/com/github/fge/uri-template/0.9/uri-template-0.9.jar:/Users/smsf/.m2/repository/javax/mail/mailapi/1.4.3/mailapi-1.4.3.jar:/Users/smsf/.m2/repository/javax/activation/activation/1.1/activation-1.1.jar:/Users/smsf/.m2/repository/joda-time/joda-time/2.9.7/joda-time-2.9.7.jar:/Users/smsf/.m2/repository/com/googlecode/libphonenumber/libphonenumber/8.0.0/libphonenumber-8.0.0.jar:/Users/smsf/.m2/repository/com/google/code/findbugs/jsr305/3.0.1/jsr305-3.0.1.jar:/Users/smsf/.m2/repository/net/sf/jopt-simple/jopt-simple/5.0.3/jopt-simple-5.0.3.jar:/Users/smsf/.m2/repository/com/intuit/karate/karate-junit4/1.1.0/karate-junit4-1.1.0.jar:/Users/smsf/.m2/repository/com/intuit/karate/karate-core/1.1.0/karate-core-1.1.0.jar:/Users/smsf/.m2/repository/org/graalvm/js/js-scriptengine/21.2.0/js-scriptengine-21.2.0.jar:/Users/smsf/.m2/repository/org/graalvm/sdk/graal-sdk/21.2.0/graal-sdk-21.2.0.jar:/Users/smsf/.m2/repository/org/graalvm/js/js/21.2.0/js-21.2.0.jar:/Users/smsf/.m2/repository/org/graalvm/regex/regex/21.2.0/regex-21.2.0.jar:/Users/smsf/.m2/repository/org/graalvm/truffle/truffle-api/21.2.0/truffle-api-21.2.0.jar:/Users/smsf/.m2/repository/com/ibm/icu/icu4j/69.1/icu4j-69.1.jar:/Users/smsf/.m2/repository/org/slf4j/jcl-over-slf4j/1.7.30/jcl-over-slf4j-1.7.30.jar:/Users/smsf/.m2/repository/com/jayway/jsonpath/json-path/2.4.0/json-path-2.4.0.jar:/Users/smsf/.m2/repository/net/minidev/json-smart/2.3/json-smart-2.3.jar:/Users/smsf/.m2/repository/net/minidev/accessors-smart/1.2/accessors-smart-1.2.jar:/Users/smsf/.m2/repository/org/ow2/asm/asm/5.0.4/asm-5.0.4.jar:/Users/smsf/.m2/repository/info/cukes/cucumber-java/1.2.5/cucumber-java-1.2.5.jar:/Users/smsf/.m2/repository/info/cukes/cucumber-core/1.2.5/cucumber-core-1.2.5.jar:/Users/smsf/.m2/repository/de/siegmar/fastcsv/2.0.0/fastcsv-2.0.0.jar:/Users/smsf/.m2/repository/info/picocli/picocli/4.6.1/picocli-4.6.1.jar:/Users/smsf/.m2/repository/junit/junit/4.13/junit-4.13.jar:/Users/smsf/.m2/repository/org/hamcrest/hamcrest-core/2.2/hamcrest-core-2.2.jar:/Users/smsf/.m2/repository/org/hamcrest/hamcrest/2.2/hamcrest-2.2.jar:/Users/smsf/.m2/repository/net/masterthought/cucumber-reporting/5.3.1/cucumber-reporting-5.3.1.jar:/Users/smsf/.m2/repository/com/fasterxml/jackson/core/jackson-databind/2.11.2/jackson-databind-2.11.2.jar:/Users/smsf/.m2/repository/com/fasterxml/jackson/core/jackson-annotations/2.11.2/jackson-annotations-2.11.2.jar:/Users/smsf/.m2/repository/com/fasterxml/jackson/core/jackson-core/2.11.2/jackson-core-2.11.2.jar:/Users/smsf/.m2/repository/com/fasterxml/jackson/datatype/jackson-datatype-jsr310/2.11.2/jackson-datatype-jsr310-2.11.2.jar:/Users/smsf/.m2/repository/org/apache/velocity/velocity-engine-core/2.1/velocity-engine-core-2.1.jar:/Users/smsf/.m2/repository/commons-collections/commons-collections/3.2.2/commons-collections-3.2.2.jar:/Users/smsf/.m2/repository/org/apache/commons/commons-lang3/3.10/commons-lang3-3.10.jar:/Users/smsf/.m2/repository/org/codehaus/plexus/plexus-utils/3.3.0/plexus-utils-3.3.0.jar:/Users/smsf/.m2/repository/org/jsoup/jsoup/1.12.1/jsoup-1.12.1.jar:/Users/smsf/.m2/repository/com/googlecode/owasp-java-html-sanitizer/owasp-java-html-sanitizer/20191001.1/owasp-java-html-sanitizer-20191001.1.jar:/Users/smsf/.m2/repository/commons-configuration/commons-configuration/1.10/commons-configuration-1.10.jar:/Users/smsf/.m2/repository/commons-lang/commons-lang/2.6/commons-lang-2.6.jar:/Users/smsf/.m2/repository/commons-logging/commons-logging/1.1.1/commons-logging-1.1.1.jar:/Users/smsf/.m2/repository/org/apache/activemq/activemq-broker/5.15.6/activemq-broker-5.15.6.jar:/Users/smsf/.m2/repository/org/apache/activemq/activemq-openwire-legacy/5.15.13/activemq-openwire-legacy-5.15.13.jar:/Users/smsf/.m2/repository/com/google/guava/guava/18.0/guava-18.0.jar:/Users/smsf/.m2/repository/org/apache/activemq/activemq-client/5.15.6/activemq-client-5.15.6.jar:/Users/smsf/.m2/repository/org/slf4j/slf4j-api/1.7.30/slf4j-api-1.7.30.jar:/Users/smsf/.m2/repository/org/fusesource/hawtbuf/hawtbuf/1.11/hawtbuf-1.11.jar:/Users/smsf/.m2/repository/org/apache/geronimo/specs/geronimo-j2ee-management_1.1_spec/1.0.1/geronimo-j2ee-management_1.1_spec-1.0.1.jar:/Users/smsf/.m2/repository/org/apache/activemq/activemq-kahadb-store/5.15.6/activemq-kahadb-store-5.15.6.jar:/Users/smsf/.m2/repository/org/apache/activemq/protobuf/activemq-protobuf/1.1/activemq-protobuf-1.1.jar:/Users/smsf/.m2/repository/commons-net/commons-net/3.6/commons-net-3.6.jar:/Users/smsf/.m2/repository/org/apache/geronimo/specs/geronimo-jms_1.1_spec/1.1.1/geronimo-jms_1.1_spec-1.1.1.jar:"/>
    <property name="sun.cpu.endian" value="little"/>
    <property name="user.home" value="/Users/smsf"/>
    <property name="user.language" value="en"/>
    <property name="java.specification.vendor" value="Oracle Corporation"/>
    <property name="java.home" value="/Library/Java/JavaVirtualMachines/jdk1.8.0_121.jdk/Contents/Home/jre"/>
    <property name="basedir" value="/Users/smsf/exps/karate_exp/x1/karate/karate-demo"/>
    <property name="file.separator" value="/"/>
    <property name="line.separator" value="&#10;"/>
    <property name="java.vm.specification.vendor" value="Oracle Corporation"/>
    <property name="java.specification.name" value="Java Platform API Specification"/>
    <property name="java.awt.graphicsenv" value="sun.awt.CGraphicsEnvironment"/>
    <property name="surefire.real.class.path" value="/Users/smsf/exps/karate_exp/x1/karate/karate-demo/target/surefire/surefirebooter7595185525375877941.jar"/>
    <property name="sun.boot.class.path" value="/Library/Java/JavaVirtualMachines/jdk1.8.0_121.jdk/Contents/Home/jre/lib/resources.jar:/Library/Java/JavaVirtualMachines/jdk1.8.0_121.jdk/Contents/Home/jre/lib/rt.jar:/Library/Java/JavaVirtualMachines/jdk1.8.0_121.jdk/Contents/Home/jre/lib/sunrsasign.jar:/Library/Java/JavaVirtualMachines/jdk1.8.0_121.jdk/Contents/Home/jre/lib/jsse.jar:/Library/Java/JavaVirtualMachines/jdk1.8.0_121.jdk/Contents/Home/jre/lib/jce.jar:/Library/Java/JavaVirtualMachines/jdk1.8.0_121.jdk/Contents/Home/jre/lib/charsets.jar:/Library/Java/JavaVirtualMachines/jdk1.8.0_121.jdk/Contents/Home/jre/lib/jfr.jar:/Library/Java/JavaVirtualMachines/jdk1.8.0_121.jdk/Contents/Home/jre/classes"/>
    <property name="sun.management.compiler" value="HotSpot 64-Bit Tiered Compilers"/>
    <property name="ftp.nonProxyHosts" value="local|*.local|169.254/16|*.169.254/16"/>
    <property name="java.runtime.version" value="1.8.0_121-b13"/>
    <property name="user.name" value="smsf"/>
    <property name="path.separator" value=":"/>
    <property name="os.version" value="10.16"/>
    <property name="java.endorsed.dirs" value="/Library/Java/JavaVirtualMachines/jdk1.8.0_121.jdk/Contents/Home/jre/lib/endorsed"/>
    <property name="java.runtime.name" value="Java(TM) SE Runtime Environment"/>
    <property name="file.encoding" value="UTF-8"/>
    <property name="java.vm.name" value="Java HotSpot(TM) 64-Bit Server VM"/>
    <property name="localRepository" value="/Users/smsf/.m2/repository"/>
    <property name="java.vendor.url.bug" value="http://bugreport.sun.com/bugreport/"/>
    <property name="java.io.tmpdir" value="/var/folders/kp/jly0j3r16l31jvmj8l2cj1qm0000gn/T/"/>
    <property name="java.version" value="1.8.0_121"/>
    <property name="user.dir" value="/Users/smsf/exps/karate_exp/x1/karate/karate-demo"/>
    <property name="os.arch" value="x86_64"/>
    <property name="java.vm.specification.name" value="Java Virtual Machine Specification"/>
    <property name="java.awt.printerjob" value="sun.lwawt.macosx.CPrinterJob"/>
    <property name="sun.os.patch.level" value="unknown"/>
    <property name="java.library.path" value="/Users/smsf/Library/Java/Extensions:/Library/Java/Extensions:/Network/Library/Java/Extensions:/System/Library/Java/Extensions:/usr/lib/java:."/>
    <property name="java.vm.info" value="mixed mode"/>
    <property name="java.vendor" value="Oracle Corporation"/>
    <property name="java.vm.version" value="25.121-b13"/>
    <property name="java.ext.dirs" value="/Users/smsf/Library/Java/Extensions:/Library/Java/JavaVirtualMachines/jdk1.8.0_121.jdk/Contents/Home/jre/lib/ext:/Library/Java/Extensions:/Network/Library/Java/Extensions:/System/Library/Java/Extensions:/usr/lib/java"/>
    <property name="sun.io.unicode.encoding" value="UnicodeBig"/>
    <property name="java.class.version" value="52.0"/>
    <property name="socksNonProxyHosts" value="local|*.local|169.254/16|*.169.254/16"/>
  </properties>
  <testcase name="[1:9] create and retrieve a cat" classname="[demo/cats/cats] cats end-point" time="0.248"/>
  <testcase name="[2:32] Some other stuff" classname="[demo/cats/cats] cats end-point" time="0.014">
    <error message="match failed: EQUALS&#10;  $ | not equal | match failed for name: &apos;name&apos; (MAP:MAP)&#10;  {&quot;id&quot;:2,&quot;name&quot;:&quot;Billie&quot;}&#10;  {&quot;id&quot;:&quot;#number&quot;,&quot;name&quot;:&quot;John&quot;}&#10;&#10;    $.name | not equal (STRING:STRING)&#10;    &apos;Billie&apos;&#10;    &apos;John&apos;&#10;&#10;classpath:demo/cats/cats.feature:39" type="com.intuit.karate.KarateException">com.intuit.karate.KarateException: 
match failed: EQUALS
  $ | not equal | match failed for name: 'name' (MAP:MAP)
  {"id":2,"name":"Billie"}
  {"id":"#number","name":"John"}

    $.name | not equal (STRING:STRING)
    'Billie'
    'John'

classpath:demo/cats/cats.feature:39
</error>
    <system-out><![CDATA[16:38:30.988 [main] DEBUG com.intuit.karate - request:
1 > POST http://127.0.0.1:59655/cats
1 > Content-Type: application/json; charset=UTF-8
1 > Content-Length: 17
1 > Host: 127.0.0.1:59655
1 > Connection: Keep-Alive
1 > User-Agent: Apache-HttpClient/4.5.13 (Java/1.8.0_121)
1 > Accept-Encoding: gzip,deflate
{
  "name": "Billie"
}


16:38:30.993 [main] DEBUG com.intuit.karate - response time in milliseconds: 4
1 < 200
1 < X-Content-Type-Options: nosniff
1 < X-XSS-Protection: 1; mode=block
1 < Cache-Control: no-cache, no-store, max-age=0, must-revalidate
1 < Pragma: no-cache
1 < Expires: 0
1 < X-Frame-Options: DENY
1 < Content-Type: application/json
1 < Transfer-Encoding: chunked
1 < Date: Tue, 18 Jan 2022 16:38:30 GMT
1 < Keep-Alive: timeout=60
1 < Connection: keep-alive
{
  "id": 2,
  "name": "Billie"
}

16:38:30.996 [main] ERROR com.intuit.karate - classpath:demo/cats/cats.feature:39
And match response == { id: '#number', name: 'John' }
match failed: EQUALS
  $ | not equal | match failed for name: 'name' (MAP:MAP)
  {"id":2,"name":"Billie"}
  {"id":"#number","name":"John"}

    $.name | not equal (STRING:STRING)
    'Billie'
    'John'

classpath:demo/cats/cats.feature:39
]]></system-out>
  </testcase>
</testsuite>